<testsuite failures="0" name="src/test/java/web_testing/selenium/digest_auth.feature" skipped="0" tests="1" time="2.530362">
  <testcase classname="src.test.java.web_testing.selenium.digest_auth" name="access to a url protected through a digest authentication" time="2.530362">
    <system-out>* def user = "admin" ...................................................... passed
* def password = "admin" .................................................. passed
* def get_auth_url = function(fname) { return "http://" + user + ":" + password + "@" + host.replace("http://","") } . passed
* def full_url = get_auth_url() ........................................... passed
* print full_url .......................................................... passed
* def authentication_success_sel = "#content &gt; div &gt; h3" .................. passed
Given driver full_url + '/digest_auth' .................................... passed
Then match waitFor(authentication_success_sel).text == 'Digest Auth' ...... passed</system-out>
  </testcase>
</testsuite>
