<testsuite failures="0" name="src/test/java/web_testing/selenium/basic_auth.feature" skipped="0" tests="1" time="2.529763">
  <testcase classname="src.test.java.web_testing.selenium.basic_auth" name="access to a url protected through a basic authentication" time="2.529763">
    <system-out>* def user = "admin" ...................................................... passed
* def password = "admin" .................................................. passed
* def get_auth_url = function(fname) { return "http://" + user + ":" + password + "@" + host.replace("http://","") } . passed
* def full_url = get_auth_url() ........................................... passed
* print full_url .......................................................... passed
* def authentication_success_sel = "#content &gt; div &gt; h3" .................. passed
Given driver full_url + '/basic_auth' ..................................... passed
Then match waitFor(authentication_success_sel).text == 'Basic Auth' ....... passed</system-out>
  </testcase>
</testsuite>
