<?xml version="1.0" encoding="UTF-8"?>
<testsuite xmlns:xsi="http://www.w3.org/2001/XMLSchema-instance" xsi:noNamespaceSchemaLocation="https://maven.apache.org/surefire/maven-surefire-plugin/xsd/surefire-test-report.xsd" name="web_testing.ExamplesTest" time="10.301" tests="6" errors="0" skipped="0" failures="0">
  <properties>
[...]
</properties>
  <testcase name="testAll[1][1]" classname="web_testing.ExamplesTest" time="2.415"/>
  <testcase name="testAll[1][2]" classname="web_testing.ExamplesTest" time="0.48"/>
  <testcase name="testAll[2][1]" classname="web_testing.ExamplesTest" time="3.303"/>
  <testcase name="testAll[2][2]" classname="web_testing.ExamplesTest" time="2.74"/>
  <testcase name="testAll[3][1]" classname="web_testing.ExamplesTest" time="0.252"/>
  <testcase name="testAll[3][2]" classname="web_testing.ExamplesTest" time="0.508"/>
</testsuite>